#
# A fatal error has been detected by the Java Runtime Environment:
#
#  SIGSEGV (0xb) at pc=0x00007f8bc33473da, pid=22829, tid=140237532067584
#
# JRE version: Java(TM) SE Runtime Environment (8.0_45-b14) (build 1.8.0_45-b14)
# Java VM: Java HotSpot(TM) 64-Bit Server VM (25.45-b02 mixed mode linux-amd64 compressed oops)
# Problematic frame:
# V  [libjvm.so+0x6dd3da]  jni_GetLongField+0xaa
#
# Failed to write core dump. Core dumps have been disabled. To enable core dumping, try "ulimit -c unlimited" before starting Java again
#
# If you would like to submit a bug report, please visit:
#   http://bugreport.java.com/bugreport/crash.jsp
#

---------------  T H R E A D  ---------------

Current thread (0x00007f8bbc213000):  JavaThread "AWT-XAWT" daemon [_thread_in_vm, id=22960, stack(0x00007f8b98387000,0x00007f8b98488000)]

siginfo: si_signo: 11 (SIGSEGV), si_code: 1 (SEGV_MAPERR), si_addr: 0x0000000000000000

Registers:
RAX=0x00007f8bc3bf8259, RBX=0x00007f8bbc213000, RCX=0x00007f8bc462a320, RDX=0x00007f8bc3c03730
RSP=0x00007f8b984865a0, RBP=0x00007f8b984865d0, RSI=0x0000000000000000, RDI=0x00007f8bbc2131f8
R8 =0x0000000000000005, R9 =0x00000000d6e34870, R10=0x00007f8bad01ce58, R11=0x00007f8bc3616e30
R12=0x0000000000000042, R13=0x0000000000000000, R14=0x00007f8bc3c07ca0, R15=0x00007f8bc3c03740
RIP=0x00007f8bc33473da, EFLAGS=0x0000000000010246, CSGSFS=0x0000000000000033, ERR=0x0000000000000004
  TRAPNO=0x000000000000000e

Top of Stack: (sp=0x00007f8b984865a0)
0x00007f8b984865a0:   00007f8b984865d0 00007f8bbc2131f8
0x00007f8b984865b0:   00007f8b501ee230 0000000000000000
0x00007f8b984865c0:   00007f8b9a2107e0 00007f8bbc213000
0x00007f8b984865d0:   00007f8b98486600 00007f8b99fef201
0x00007f8b984865e0:   00007f8ba88d5630 00007f8b501ee230
0x00007f8b984865f0:   00007f8ba88d5630 00007f8b984866e8
0x00007f8b98486600:   0000000000000000 00007f8b99ad2ae8
0x00007f8b98486610:   00007f8ba88d5630 00007f8b98486640
0x00007f8b98486620:   0000000000000000 00007f8b99aca9a3
0x00007f8b98486630:   00007f8ba88d5630 00007f8b99fe84bf
0x00007f8b98486640:   00007f8b984866b0 00007f8bad01ce84
0x00007f8b98486650:   00007f8b98486730 00007f8bad347cc4
0x00007f8b98486660:   00007f8b98486730 00007f8bad3146dc
0x00007f8b98486670:   00007f8b98486670 0000000000000000
0x00007f8b98486680:   00007f8b984866e8 00007f8ba88d9f38
0x00007f8b98486690:   0000000000000000 00007f8ba88d5630
0x00007f8b984866a0:   0000000000000000 00007f8b984866d0
0x00007f8b984866b0:   00007f8b98486730 00007f8bad0074a0
0x00007f8b984866c0:   00000000d6e5da30 00007f8bad0137c0
0x00007f8b984866d0:   0000000000000000 00007f8b98486730
0x00007f8b984866e0:   00007f8b58001260 00000000d7057de0
0x00007f8b984866f0:   00007f8b984866f0 00007f8ba8899aa4
0x00007f8b98486700:   00007f8b98486778 00007f8ba88b1bb0
0x00007f8b98486710:   0000000000000000 00007f8ba8899bd8
0x00007f8b98486720:   00007f8b984866d0 00007f8b98486770
0x00007f8b98486730:   00007f8b984867c0 00007f8bad007ccd
0x00007f8b98486740:   0000000000000000 0000000000000000
0x00007f8b98486750:   0000000000000000 0000000000000000
0x00007f8b98486760:   0000000000000000 00000000d7057de0
0x00007f8b98486770:   0000000000000000 00000000d6fe6a48
0x00007f8b98486780:   00007f8b98486780 00007f8ba88998e5
0x00007f8b98486790:   00007f8b984867d0 00007f8ba88b1bb0 

Instructions: (pc=0x00007f8bc33473da)
0x00007f8bc33473ba:   a9 00 00 00 30 74 08 48 89 df e8 97 bf 37 00 48
0x00007f8bc33473ca:   8b 05 80 66 87 00 c7 83 70 02 00 00 06 00 00 00
0x00007f8bc33473da:   49 8b 55 00 80 38 00 0f 84 c1 00 00 00 48 8b 05
0x00007f8bc33473ea:   ca 40 87 00 8b 72 08 8b 48 08 48 d3 e6 48 03 30 

Register to memory mapping:

RAX=0x00007f8bc3bf8259: <offset 0xf8e259> in /usr/lib/jvm/java-8-oracle/jre/lib/amd64/server/libjvm.so at 0x00007f8bc2c6a000
RBX=0x00007f8bbc213000 is a thread
RCX=0x00007f8bc462a320: <offset 0x219320> in /lib/x86_64-linux-gnu/libpthread.so.0 at 0x00007f8bc4411000
RDX=0x00007f8bc3c03730: <offset 0xf99730> in /usr/lib/jvm/java-8-oracle/jre/lib/amd64/server/libjvm.so at 0x00007f8bc2c6a000
RSP=0x00007f8b984865a0 is pointing into the stack for thread: 0x00007f8bbc213000
RBP=0x00007f8b984865d0 is pointing into the stack for thread: 0x00007f8bbc213000
RSI=0x0000000000000000 is an unknown value
RDI=0x00007f8bbc2131f8 is an unknown value
R8 =0x0000000000000005 is an unknown value
R9 =0x00000000d6e34870 is an oop
[I 
 - klass: {type array int}
 - length: 9
R10=0x00007f8bad01ce58 is at code_begin+1528 in an Interpreter codelet
method entry point (kind = native)  [0x00007f8bad01c860, 0x00007f8bad01d7a0]  3904 bytes
R11=0x00007f8bc3616e30: <offset 0x9ace30> in /usr/lib/jvm/java-8-oracle/jre/lib/amd64/server/libjvm.so at 0x00007f8bc2c6a000
R12=0x0000000000000042 is an unknown value
R13=0x0000000000000000 is an unknown value
R14=0x00007f8bc3c07ca0: <offset 0xf9dca0> in /usr/lib/jvm/java-8-oracle/jre/lib/amd64/server/libjvm.so at 0x00007f8bc2c6a000
R15=0x00007f8bc3c03740: <offset 0xf99740> in /usr/lib/jvm/java-8-oracle/jre/lib/amd64/server/libjvm.so at 0x00007f8bc2c6a000


Stack: [0x00007f8b98387000,0x00007f8b98488000],  sp=0x00007f8b984865a0,  free space=1021k
Native frames: (J=compiled Java code, j=interpreted, Vv=VM code, C=native code)
V  [libjvm.so+0x6dd3da]  jni_GetLongField+0xaa
C  [libawt_xawt.so+0x37201]  getX11InputMethodData+0x31
C  [libX11.so.6+0x61ae8]  _XimServerDestroy+0x58

Java frames: (J=compiled Java code, j=interpreted, Vv=VM code)
j  sun.awt.X11.XlibWrapper.XFilterEvent(JJ)Z+0
j  sun.awt.X11.XToolkit.run(Z)V+300
j  sun.awt.X11.XToolkit.run()V+5
j  java.lang.Thread.run()V+11
v  ~StubRoutines::call_stub

---------------  P R O C E S S  ---------------

Java Threads: ( => current thread )
  0x00007f8b501a0000 JavaThread "TimerQueue" daemon [_thread_blocked, id=22973, stack(0x00007f8b56e89000,0x00007f8b56f8a000)]
  0x00007f8bbc00c000 JavaThread "DestroyJavaVM" [_thread_blocked, id=22835, stack(0x00007f8bc472f000,0x00007f8bc4830000)]
  0x00007f8bbc219000 JavaThread "AWT-EventQueue-0" [_thread_blocked, id=22966, stack(0x00007f8b98185000,0x00007f8b98286000)]
  0x00007f8bbc217800 JavaThread "AWT-Shutdown" [_thread_blocked, id=22962, stack(0x00007f8b98286000,0x00007f8b98387000)]
=>0x00007f8bbc213000 JavaThread "AWT-XAWT" daemon [_thread_in_vm, id=22960, stack(0x00007f8b98387000,0x00007f8b98488000)]
  0x00007f8bbc1f5000 JavaThread "Java2D Disposer" daemon [_thread_blocked, id=22957, stack(0x00007f8b98898000,0x00007f8b98999000)]
  0x00007f8bbc0d4800 JavaThread "Service Thread" daemon [_thread_blocked, id=22950, stack(0x00007f8b9a5e4000,0x00007f8b9a6e5000)]
  0x00007f8bbc0cf000 JavaThread "C1 CompilerThread2" daemon [_thread_blocked, id=22948, stack(0x00007f8b9a6e5000,0x00007f8b9a7e6000)]
  0x00007f8bbc0cd800 JavaThread "C2 CompilerThread1" daemon [_thread_blocked, id=22940, stack(0x00007f8b9a7e6000,0x00007f8b9a8e7000)]
  0x00007f8bbc0ca800 JavaThread "C2 CompilerThread0" daemon [_thread_blocked, id=22936, stack(0x00007f8b9a8e7000,0x00007f8b9a9e8000)]
  0x00007f8bbc0c8800 JavaThread "JDWP Event Helper Thread" daemon [_thread_blocked, id=22923, stack(0x00007f8b9aae9000,0x00007f8b9abea000)]
  0x00007f8bbc0c5000 JavaThread "JDWP Transport Listener: dt_socket" daemon [_thread_blocked, id=22918, stack(0x00007f8b9abea000,0x00007f8b9aceb000)]
  0x00007f8bbc0b8800 JavaThread "Signal Dispatcher" daemon [_thread_blocked, id=22902, stack(0x00007f8b9aeef000,0x00007f8b9aff0000)]
  0x00007f8bbc081000 JavaThread "Finalizer" daemon [_thread_blocked, id=22869, stack(0x00007f8b9aff0000,0x00007f8b9b0f1000)]
  0x00007f8bbc07f000 JavaThread "Reference Handler" daemon [_thread_blocked, id=22866, stack(0x00007f8b9b0f1000,0x00007f8b9b1f2000)]

Other Threads:
  0x00007f8bbc07a000 VMThread [stack: 0x00007f8b9b1f2000,0x00007f8b9b2f3000] [id=22861]
  0x00007f8bbc0d7000 WatcherThread [stack: 0x00007f8b9a4e3000,0x00007f8b9a5e4000] [id=22951]

VM state:synchronizing (normal execution)

VM Mutex/Monitor currently owned by a thread:  ([mutex/lock_event])
[0x00007f8bbc0086c0] Threads_lock - owner thread: 0x00007f8bbc07a000

Heap:
 PSYoungGen      total 36864K, used 20967K [0x00000000d6c00000, 0x00000000d9500000, 0x0000000100000000)
  eden space 31744K, 66% used [0x00000000d6c00000,0x00000000d8079c20,0x00000000d8b00000)
  from space 5120K, 0% used [0x00000000d9000000,0x00000000d9000000,0x00000000d9500000)
  to   space 5120K, 0% used [0x00000000d8b00000,0x00000000d8b00000,0x00000000d9000000)
 ParOldGen       total 84992K, used 0K [0x0000000084400000, 0x0000000089700000, 0x00000000d6c00000)
  object space 84992K, 0% used [0x0000000084400000,0x0000000084400000,0x0000000089700000)
 Metaspace       used 12896K, capacity 13160K, committed 13312K, reserved 1060864K
  class space    used 1573K, capacity 1680K, committed 1792K, reserved 1048576K

Card table byte_map: [0x00007f8bc060c000,0x00007f8bc09eb000] byte_map_base: 0x00007f8bc01ea000

Marking Bits: (ParMarkBitMap*) 0x00007f8bc3c07760
 Begin Bits: [0x00007f8ba911f000, 0x00007f8bab00f000)
 End Bits:   [0x00007f8bab00f000, 0x00007f8baceff000)

Polling page: 0x00007f8bc484e000

CodeCache: size=245760Kb used=3356Kb max_used=3356Kb free=242403Kb
 bounds [0x00007f8bad000000, 0x00007f8bad350000, 0x00007f8bbc000000]
 total_blobs=1375 nmethods=857 adapters=440
 compilation: enabled

Compilation events (10 events):
Event: 15.929 Thread 0x00007f8bbc0cf000  856   !   3       sun.awt.X11.XDragSourceContextPeer::processEvent (34 bytes)
Event: 15.935 Thread 0x00007f8bbc0cf000 nmethod 856 0x00007f8bad3476d0 code [0x00007f8bad3478e0, 0x00007f8bad348378]
Event: 19.482 Thread 0x00007f8bbc0cf000  857       3       java.awt.geom.Rectangle2D::<init> (5 bytes)
Event: 19.482 Thread 0x00007f8bbc0cf000 nmethod 857 0x00007f8bad346550 code [0x00007f8bad3466c0, 0x00007f8bad3468d0]
Event: 19.482 Thread 0x00007f8bbc0cf000  858       3       java.awt.geom.RectangularShape::<init> (5 bytes)
Event: 19.482 Thread 0x00007f8bbc0cf000 nmethod 858 0x00007f8bad346190 code [0x00007f8bad346300, 0x00007f8bad3464b0]
Event: 19.482 Thread 0x00007f8bbc0cf000  859       1       java.awt.Component::getWidth (5 bytes)
Event: 19.483 Thread 0x00007f8bbc0cf000 nmethod 859 0x00007f8bad342990 code [0x00007f8bad342ae0, 0x00007f8bad342bf0]
Event: 19.483 Thread 0x00007f8bbc0cf000  860       1       java.awt.Component::getHeight (5 bytes)
Event: 19.483 Thread 0x00007f8bbc0cf000 nmethod 860 0x00007f8bad345ed0 code [0x00007f8bad346020, 0x00007f8bad346130]

GC Heap History (0 events):
No events

Deoptimization events (10 events):
Event: 4.341 Thread 0x00007f8bbc219000 Uncommon trap: reason=unhandled action=none pc=0x00007f8bad2ad2f8 method=java.nio.Buffer.nextGetIndex()I @ 18
Event: 4.353 Thread 0x00007f8bbc219000 Uncommon trap: reason=unhandled action=none pc=0x00007f8bad2ad2f8 method=java.nio.Buffer.nextGetIndex()I @ 18
Event: 4.557 Thread 0x00007f8bbc219000 Uncommon trap: reason=unstable_if action=reinterpret pc=0x00007f8bad28e358 method=java.lang.CharacterData.of(I)Ljava/lang/CharacterData; @ 4
Event: 4.874 Thread 0x00007f8bbc219000 Uncommon trap: reason=class_check action=maybe_recompile pc=0x00007f8bad19db58 method=java.lang.String.equals(Ljava/lang/Object;)Z @ 8
Event: 5.266 Thread 0x00007f8bbc219000 Uncommon trap: reason=class_check action=maybe_recompile pc=0x00007f8bad19db58 method=java.lang.String.equals(Ljava/lang/Object;)Z @ 8
Event: 5.266 Thread 0x00007f8bbc219000 Uncommon trap: reason=class_check action=maybe_recompile pc=0x00007f8bad19db58 method=java.lang.String.equals(Ljava/lang/Object;)Z @ 8
Event: 5.455 Thread 0x00007f8bbc219000 Uncommon trap: reason=class_check action=maybe_recompile pc=0x00007f8bad2e7cfc method=java.util.HashMap.putVal(ILjava/lang/Object;Ljava/lang/Object;ZZ)Ljava/lang/Object; @ 253
Event: 5.473 Thread 0x00007f8bbc219000 Uncommon trap: reason=class_check action=maybe_recompile pc=0x00007f8bad2e7cfc method=java.util.HashMap.putVal(ILjava/lang/Object;Ljava/lang/Object;ZZ)Ljava/lang/Object; @ 253
Event: 5.474 Thread 0x00007f8bbc219000 Uncommon trap: reason=class_check action=maybe_recompile pc=0x00007f8bad2e7cfc method=java.util.HashMap.putVal(ILjava/lang/Object;Ljava/lang/Object;ZZ)Ljava/lang/Object; @ 253
Event: 5.474 Thread 0x00007f8bbc219000 Uncommon trap: reason=class_check action=maybe_recompile pc=0x00007f8bad2e7cfc method=java.util.HashMap.putVal(ILjava/lang/Object;Ljava/lang/Object;ZZ)Ljava/lang/Object; @ 253

Internal exceptions (10 events):
Event: 0.170 Thread 0x00007f8bbc00c000 Exception <a 'java/lang/NoSuchMethodError': Method sun.misc.Unsafe.defineClass(Ljava/lang/String;[BII)Ljava/lang/Class; name or signature does not match> (0x00000000d6c12a38) thrown at [/RE-WORK/workspace/8-2-build-linux-amd64/jdk8u45/3457/hotspot/src/sha
Event: 0.170 Thread 0x00007f8bbc00c000 Exception <a 'java/lang/NoSuchMethodError': Method sun.misc.Unsafe.prefetchRead(Ljava/lang/Object;J)V name or signature does not match> (0x00000000d6c12cc8) thrown at [/RE-WORK/workspace/8-2-build-linux-amd64/jdk8u45/3457/hotspot/src/share/vm/prims/jni.cp
Event: 0.863 Thread 0x00007f8bbc00c000 Exception <a 'java/security/PrivilegedActionException'> (0x00000000d6e486c0) thrown at [/RE-WORK/workspace/8-2-build-linux-amd64/jdk8u45/3457/hotspot/src/share/vm/prims/jvm.cpp, line 1382]
Event: 0.863 Thread 0x00007f8bbc00c000 Exception <a 'java/security/PrivilegedActionException'> (0x00000000d6e48878) thrown at [/RE-WORK/workspace/8-2-build-linux-amd64/jdk8u45/3457/hotspot/src/share/vm/prims/jvm.cpp, line 1382]
Event: 0.864 Thread 0x00007f8bbc00c000 Exception <a 'java/security/PrivilegedActionException'> (0x00000000d6e4ac08) thrown at [/RE-WORK/workspace/8-2-build-linux-amd64/jdk8u45/3457/hotspot/src/share/vm/prims/jvm.cpp, line 1382]
Event: 0.864 Thread 0x00007f8bbc00c000 Exception <a 'java/security/PrivilegedActionException'> (0x00000000d6e4adc0) thrown at [/RE-WORK/workspace/8-2-build-linux-amd64/jdk8u45/3457/hotspot/src/share/vm/prims/jvm.cpp, line 1382]
Event: 0.911 Thread 0x00007f8bbc00c000 Exception <a 'java/io/FileNotFoundException'> (0x00000000d6e52e30) thrown at [/RE-WORK/workspace/8-2-build-linux-amd64/jdk8u45/3457/hotspot/src/share/vm/prims/jni.cpp, line 709]
Event: 0.912 Thread 0x00007f8bbc00c000 Exception <a 'java/io/FileNotFoundException'> (0x00000000d6e537a8) thrown at [/RE-WORK/workspace/8-2-build-linux-amd64/jdk8u45/3457/hotspot/src/share/vm/prims/jni.cpp, line 709]
Event: 1.526 Thread 0x00007f8bbc00c000 Exception <a 'java/lang/NoSuchFieldError': method resolution failed> (0x00000000d6f5f858) thrown at [/RE-WORK/workspace/8-2-build-linux-amd64/jdk8u45/3457/hotspot/src/share/vm/prims/methodHandles.cpp, line 1125]
Event: 1.560 Thread 0x00007f8bbc00c000 Exception <a 'java/lang/NoSuchFieldError': method resolution failed> (0x00000000d6f6e298) thrown at [/RE-WORK/workspace/8-2-build-linux-amd64/jdk8u45/3457/hotspot/src/share/vm/prims/methodHandles.cpp, line 1125]

Events (10 events):
Event: 5.887 loading class javax/swing/KeyboardManager
Event: 5.895 loading class javax/swing/KeyboardManager done
Event: 5.895 loading class javax/swing/Popup$HeavyWeightWindow
Event: 5.896 loading class sun/awt/ModalExclude
Event: 5.896 loading class sun/awt/ModalExclude done
Event: 5.896 loading class javax/swing/JWindow
Event: 5.896 loading class javax/swing/JWindow done
Event: 5.896 loading class javax/swing/Popup$HeavyWeightWindow done
Event: 75.591 loading class sun/awt/X11/XDestroyWindowEvent
Event: 75.591 loading class sun/awt/X11/XDestroyWindowEvent done


Dynamic libraries:
00400000-00401000 r-xp 00000000 08:06 2508539                            /usr/lib/jvm/java-8-oracle/bin/java
00600000-00601000 rw-p 00000000 08:06 2508539                            /usr/lib/jvm/java-8-oracle/bin/java
02128000-02149000 rw-p 00000000 00:00 0                                  [heap]
84400000-89700000 rw-p 00000000 00:00 0 
89700000-d6c00000 ---p 00000000 00:00 0 
d6c00000-d9500000 rw-p 00000000 00:00 0 
d9500000-100000000 ---p 00000000 00:00 0 
100000000-1001c0000 rw-p 00000000 00:00 0 
1001c0000-140000000 ---p 00000000 00:00 0 
7f8b4c000000-7f8b4c021000 rw-p 00000000 00:00 0 
7f8b4c021000-7f8b50000000 ---p 00000000 00:00 0 
7f8b50000000-7f8b503d8000 rw-p 00000000 00:00 0 
7f8b503d8000-7f8b54000000 ---p 00000000 00:00 0 
7f8b56c89000-7f8b56dc9000 rw-p 00000000 00:00 0 
7f8b56dc9000-7f8b56e89000 ---p 00000000 00:00 0 
7f8b56e89000-7f8b56e8c000 ---p 00000000 00:00 0 
7f8b56e8c000-7f8b56f8a000 rw-p 00000000 00:00 0                          [stack:22973]
7f8b56f8a000-7f8b56fa3000 r--s 00000000 08:06 265812                     /usr/share/fonts/type1/gsfonts/n021003l.pfb
7f8b56fa3000-7f8b56fba000 r--s 00000000 08:06 265818                     /usr/share/fonts/type1/gsfonts/n021023l.pfb
7f8b56fba000-7f8b56fcc000 r--s 00000000 08:06 265770                     /usr/share/fonts/type1/gsfonts/b018035l.pfb
7f8b56fcc000-7f8b56fd5000 r--s 00000000 08:06 265848                     /usr/share/fonts/type1/gsfonts/s050000l.pfb
7f8b56fd5000-7f8b56ff2000 r--s 00000000 08:06 798931                     /usr/share/texmf/fonts/type1/public/lm/lmvtt10.pfb
7f8b56ff2000-7f8b57010000 r--s 00000000 08:06 798932                     /usr/share/texmf/fonts/type1/public/lm/lmbx10.pfb
7f8b57010000-7f8b57024000 r--s 00000000 08:06 265788                     /usr/share/fonts/type1/gsfonts/n019003l.pfb
7f8b57024000-7f8b57042000 r--s 00000000 08:06 798908                     /usr/share/texmf/fonts/type1/public/lm/lmvtl10.pfb
7f8b57042000-7f8b57054000 r--s 00000000 08:06 265803                     /usr/share/fonts/type1/gsfonts/n019044l.pfb
7f8b57054000-7f8b57071000 r--s 00000000 08:06 798951                     /usr/share/texmf/fonts/type1/public/lm/lmcsc10.pfb
7f8b57071000-7f8b5708c000 r--s 00000000 08:06 265839                     /usr/share/fonts/type1/gsfonts/p052004l.pfb
7f8b5708c000-7f8b5709d000 r--s 00000000 08:06 265794                     /usr/share/fonts/type1/gsfonts/n019023l.pfb
7f8b5709d000-7f8b570bf000 r--s 00000000 08:06 798950                     /usr/share/texmf/fonts/type1/public/lm/lmbxo10.pfb
7f8b570bf000-7f8b570de000 r--s 00000000 08:06 795519                     /usr/share/texmf/fonts/type1/public/lm/lmdunh10.pfb
7f8b570de000-7f8b570f8000 r--s 00000000 08:06 798903                     /usr/share/texmf/fonts/type1/public/lm/lmtl10.pfb
7f8b570f8000-7f8b57113000 r--s 00000000 08:06 265836                     /usr/share/fonts/type1/gsfonts/p052003l.pfb
7f8b57113000-7f8b5712b000 r--s 00000000 08:06 798929                     /usr/share/texmf/fonts/type1/public/lm/lmss10.pfb
7f8b5712b000-7f8b5714c000 r--s 00000000 08:06 798894                     /usr/share/texmf/fonts/type1/public/lm/lmvtto10.pfb
7f8b5714c000-7f8b5716a000 r--s 00000000 08:06 795522                     /usr/share/texmf/fonts/type1/public/lm/lmr10.pfb
7f8b5716a000-7f8b57189000 r--s 00000000 08:06 798915                     /usr/share/texmf/fonts/type1/public/lm/lmvtk10.pfb
7f8b57189000-7f8b571a4000 r--s 00000000 08:06 265842                     /usr/share/fonts/type1/gsfonts/p052023l.pfb
7f8b571a4000-7f8b571ad000 r--s 00000000 08:06 265055                     /usr/share/fonts/X11/Type1/c0632bt_.pfb
7f8b571ad000-7f8b571b7000 r--s 00000000 08:06 265854                     /usr/share/fonts/type1/mathml/Symbol.pfb
7f8b571b7000-7f8b571c0000 r--s 00000000 08:06 265057                     /usr/share/fonts/X11/Type1/c0633bt_.pfb
7f8b571c0000-7f8b571cc000 r--s 00000000 08:06 265785                     /usr/share/fonts/type1/gsfonts/d050000l.pfb
7f8b571cc000-7f8b571e8000 r--s 00000000 08:06 798954                     /usr/share/texmf/fonts/type1/public/lm/lmbxi10.pfb
7f8b571e8000-7f8b57205000 r--s 00000000 08:06 798941                     /usr/share/texmf/fonts/type1/public/lm/lmssqbx8.pfb
7f8b57205000-7f8b5721e000 r--s 00000000 08:06 265827                     /usr/share/fonts/type1/gsfonts/n022004l.pfb
7f8b5721e000-7f8b5723f000 r--s 00000000 08:06 798930                     /usr/share/texmf/fonts/type1/public/lm/lmcsco10.pfb
7f8b5723f000-7f8b57257000 r--s 00000000 08:06 265782                     /usr/share/fonts/type1/gsfonts/c059036l.pfb
7f8b57257000-7f8b57268000 r--s 00000000 08:06 265797                     /usr/share/fonts/type1/gsfonts/n019024l.pfb
7f8b57268000-7f8b5727e000 r--s 00000000 08:06 265833                     /usr/share/fonts/type1/gsfonts/n022024l.pfb
7f8b5727e000-7f8b5729d000 r--s 00000000 08:06 798817                     /usr/share/texmf/fonts/type1/public/lm/lmtto10.pfb
7f8b5729d000-7f8b572ba000 r--s 00000000 08:06 798952                     /usr/share/texmf/fonts/type1/public/lm/lmtk10.pfb
7f8b572ba000-7f8b572cb000 r--s 00000000 08:06 265806                     /usr/share/fonts/type1/gsfonts/n019063l.pfb
7f8b572cb000-7f8b572e1000 r--s 00000000 08:06 265830                     /usr/share/fonts/type1/gsfonts/n022023l.pfb
7f8b572e1000-7f8b572fb000 r--s 00000000 08:06 265773                     /usr/share/fonts/type1/gsfonts/c059013l.pfb
7f8b572fb000-7f8b5731b000 r--s 00000000 08:06 798967                     /usr/share/texmf/fonts/type1/public/lm/lmtcso10.pfb
7f8b5731b000-7f8b5733d000 r--s 00000000 08:06 798900                     /usr/share/texmf/fonts/type1/public/lm/lmtlco10.pfb
7f8b5733d000-7f8b57361000 r--s 00000000 08:06 798897                     /usr/share/texmf/fonts/type1/public/lm/lmduno10.pfb
7f8b57361000-7f8b57379000 r--s 00000000 08:06 265824                     /usr/share/fonts/type1/gsfonts/n022003l.pfb
7f8b57379000-7f8b57392000 r--s 00000000 08:06 798942                     /usr/share/texmf/fonts/type1/public/lm/lmtti10.pfb
7f8b57392000-7f8b573b3000 r--s 00000000 08:06 798911                     /usr/share/texmf/fonts/type1/public/lm/lmro10.pfb
7f8b573b3000-7f8b573c4000 r--s 00000000 08:06 265758                     /usr/share/fonts/type1/gsfonts/a010035l.pfb
7f8b573c4000-7f8b573e1000 r--s 00000000 08:06 798919                     /usr/share/texmf/fonts/type1/public/lm/lmssq8.pfb
7f8b573e1000-7f8b573eb000 r--s 00000000 08:06 265047                     /usr/share/fonts/X11/Type1/c0419bt_.pfb
7f8b573eb000-7f8b5740a000 r--s 00000000 08:06 798973                     /usr/share/texmf/fonts/type1/public/lm/lmssqbo8.pfb
7f8b5740a000-7f8b5742c000 r--s 00000000 08:06 798907                     /usr/share/texmf/fonts/type1/public/lm/lmbo10.pfb
7f8b5742c000-7f8b5743c000 r--s 00000000 08:06 265749                     /usr/share/fonts/type1/gsfonts/a010013l.pfb
7f8b5743c000-7f8b57446000 r--s 00000000 08:06 265053                     /usr/share/fonts/X11/Type1/c0611bt_.pfb
7f8b57446000-7f8b57465000 r--s 00000000 08:06 798891                     /usr/share/texmf/fonts/type1/public/lm/lmb10.pfb
7f8b57465000-7f8b57477000 r--s 00000000 08:06 265791                     /usr/share/fonts/type1/gsfonts/n019004l.pfb
7f8b57477000-7f8b57495000 r--s 00000000 08:06 798927                     /usr/share/texmf/fonts/type1/public/lm/lmssbx10.pfb
7f8b57495000-7f8b5749e000 r--s 00000000 08:06 265059                     /usr/share/fonts/X11/Type1/c0648bt_.pfb
7f8b5749e000-7f8b574ba000 r--s 00000000 08:06 798816                     /usr/share/texmf/fonts/type1/public/lm/lmtt10.pfb
7f8b574ba000-7f8b574d2000 r--s 00000000 08:06 265779                     /usr/share/fonts/type1/gsfonts/c059033l.pfb
7f8b574d2000-7f8b574f4000 r--s 00000000 08:06 798955                     /usr/share/texmf/fonts/type1/public/lm/lmssbo10.pfb
7f8b574f4000-7f8b5750a000 r--s 00000000 08:06 265821                     /usr/share/fonts/type1/gsfonts/n021024l.pfb
7f8b5750a000-7f8b57514000 r--s 00000000 08:06 265049                     /usr/share/fonts/X11/Type1/c0582bt_.pfb
7f8b57514000-7f8b57530000 r--s 00000000 08:06 265845                     /usr/share/fonts/type1/gsfonts/p052024l.pfb
7f8b57530000-7f8b57539000 r--s 00000000 08:06 265061                     /usr/share/fonts/X11/Type1/c0649bt_.pfb
7f8b57539000-7f8b57550000 r--s 00000000 08:06 265851                     /usr/share/fonts/type1/gsfonts/z003034l.pfb
7f8b57550000-7f8b5756b000 r--s 00000000 08:06 798912                     /usr/share/texmf/fonts/type1/public/lm/lmtcsc10.pfb
7f8b5756b000-7f8b5757b000 r--s 00000000 08:06 265755                     /usr/share/fonts/type1/gsfonts/a010033l.pfb
7f8b5757b000-7f8b57597000 r--s 00000000 08:06 798962                     /usr/share/texmf/fonts/type1/public/lm/lmri10.pfb
7f8b57597000-7f8b575aa000 r--s 00000000 08:06 265809                     /usr/share/fonts/type1/gsfonts/n019064l.pfb
7f8b575aa000-7f8b575cc000 r--s 00000000 08:06 798815                     /usr/share/texmf/fonts/type1/public/lm/lmssdo10.pfb
7f8b575cc000-7f8b575de000 r--s 00000000 08:06 265800                     /usr/share/fonts/type1/gsfonts/n019043l.pfb
7f8b575de000-7f8b575fd000 r--s 00000000 08:06 798960                     /usr/share/texmf/fonts/type1/public/lm/lmtlo10.pfb
7f8b575fd000-7f8b5761d000 r--s 00000000 08:06 798940                     /usr/share/texmf/fonts/type1/public/lm/lmssqo8.pfb
7f8b5761d000-7f8b57636000 r--s 00000000 08:06 265761                     /usr/share/fonts/type1/gsfonts/b018012l.pfb
7f8b57636000-7f8b57651000 r--s 00000000 08:06 265776                     /usr/share/fonts/type1/gsfonts/c059016l.pfb
7f8b57651000-7f8b57664000 r--s 00000000 08:06 265764                     /usr/share/fonts/type1/gsfonts/b018015l.pfb
7f8b57664000-7f8b5767d000 r--s 00000000 08:06 265815                     /usr/share/fonts/type1/gsfonts/n021004l.pfb
7f8b5767d000-7f8b5768d000 r--s 00000000 08:06 265752                     /usr/share/fonts/type1/gsfonts/a010015l.pfb
7f8b5768d000-7f8b576b0000 r--s 00000000 08:06 798933                     /usr/share/texmf/fonts/type1/public/lm/lmtko10.pfb
7f8b576b0000-7f8b576cb000 r--s 00000000 08:06 798938                     /usr/share/texmf/fonts/type1/public/lm/lmsso10.pfb
7f8b576cb000-7f8b576e7000 r--s 00000000 08:06 798902                     /usr/share/texmf/fonts/type1/public/lm/lmu10.pfb
7f8b576e7000-7f8b57702000 r--s 00000000 08:06 798959                     /usr/share/texmf/fonts/type1/public/lm/lmtlc10.pfb
7f8b57702000-7f8b5771f000 r--s 00000000 08:06 798964                     /usr/share/texmf/fonts/type1/public/lm/lmssdc10.pfb
7f8b5771f000-7f8b57734000 r--s 00000000 08:06 265767                     /usr/share/fonts/type1/gsfonts/b018032l.pfb
7f8b57734000-7f8b57759000 r--s 00000000 08:06 798925                     /usr/share/texmf/fonts/type1/public/lm/lmvtko10.pfb
7f8b57759000-7f8b577c2000 r-xp 00000000 08:06 2636329                    /usr/lib/jvm/java-8-oracle/jre/lib/amd64/libt2k.so
7f8b577c2000-7f8b579c1000 ---p 00069000 08:06 2636329                    /usr/lib/jvm/java-8-oracle/jre/lib/amd64/libt2k.so
7f8b579c1000-7f8b579c8000 rw-p 00068000 08:06 2636329                    /usr/lib/jvm/java-8-oracle/jre/lib/amd64/libt2k.so
7f8b579c8000-7f8b579d8000 rw-p 00000000 00:00 0 
7f8b579d8000-7f8b579e9000 r-xp 00000000 08:06 2636339                    /usr/lib/jvm/java-8-oracle/jre/lib/amd64/libnio.so
7f8b579e9000-7f8b57be8000 ---p 00011000 08:06 2636339                    /usr/lib/jvm/java-8-oracle/jre/lib/amd64/libnio.so
7f8b57be8000-7f8b57be9000 rw-p 00010000 08:06 2636339                    /usr/lib/jvm/java-8-oracle/jre/lib/amd64/libnio.so
7f8b57be9000-7f8b57bff000 r-xp 00000000 08:06 2636304                    /usr/lib/jvm/java-8-oracle/jre/lib/amd64/libnet.so
7f8b57bff000-7f8b57dff000 ---p 00016000 08:06 2636304                    /usr/lib/jvm/java-8-oracle/jre/lib/amd64/libnet.so
7f8b57dff000-7f8b57e00000 rw-p 00016000 08:06 2636304                    /usr/lib/jvm/java-8-oracle/jre/lib/amd64/libnet.so
7f8b57e00000-7f8b58000000 rw-p 00000000 00:00 0 
7f8b58000000-7f8b582ae000 rw-p 00000000 00:00 0 
7f8b582ae000-7f8b5c000000 ---p 00000000 00:00 0 
7f8b5c000000-7f8b5c021000 rw-p 00000000 00:00 0 
7f8b5c021000-7f8b60000000 ---p 00000000 00:00 0 
7f8b60000000-7f8b60021000 rw-p 00000000 00:00 0 
7f8b60021000-7f8b64000000 ---p 00000000 00:00 0 
7f8b64000000-7f8b64021000 rw-p 00000000 00:00 0 
7f8b64021000-7f8b68000000 ---p 00000000 00:00 0 
7f8b68000000-7f8b685f0000 rw-p 00000000 00:00 0 
7f8b685f0000-7f8b6c000000 ---p 00000000 00:00 0 
7f8b6c000000-7f8b6c021000 rw-p 00000000 00:00 0 
7f8b6c021000-7f8b70000000 ---p 00000000 00:00 0 
7f8b70000000-7f8b70666000 rw-p 00000000 00:00 0 
7f8b70666000-7f8b74000000 ---p 00000000 00:00 0 
7f8b74000000-7f8b74204000 rw-p 00000000 00:00 0 
7f8b74204000-7f8b78000000 ---p 00000000 00:00 0 
7f8b78000000-7f8b78021000 rw-p 00000000 00:00 0 
7f8b78021000-7f8b7c000000 ---p 00000000 00:00 0 
7f8b7c000000-7f8b7c021000 rw-p 00000000 00:00 0 
7f8b7c021000-7f8b80000000 ---p 00000000 00:00 0 
7f8b80000000-7f8b80021000 rw-p 00000000 00:00 0 
7f8b80021000-7f8b84000000 ---p 00000000 00:00 0 
7f8b84000000-7f8b84021000 rw-p 00000000 00:00 0 
7f8b84021000-7f8b88000000 ---p 00000000 00:00 0 
7f8b88000000-7f8b88021000 rw-p 00000000 00:00 0 
7f8b88021000-7f8b8c000000 ---p 00000000 00:00 0 
7f8b8c000000-7f8b8c021000 rw-p 00000000 00:00 0 
7f8b8c021000-7f8b90000000 ---p 00000000 00:00 0 
7f8b90000000-7f8b90029000 rw-p 00000000 00:00 0 
7f8b90029000-7f8b94000000 ---p 00000000 00:00 0 
7f8b94000000-7f8b94021000 rw-p 00000000 00:00 0 
7f8b94021000-7f8b98000000 ---p 00000000 00:00 0 
7f8b98001000-7f8b98003000 rw-p 00000000 00:00 0 
7f8b98003000-7f8b9800d000 r--s 00000000 08:06 265051                     /usr/share/fonts/X11/Type1/c0583bt_.pfb
7f8b9800d000-7f8b9802f000 r--s 00000000 08:06 798969                     /usr/share/texmf/fonts/type1/public/lm/lmvtlo10.pfb
7f8b9802f000-7f8b98030000 r--s 00000000 08:06 1573190                    /var/cache/fontconfig/c05880de57d1f5e948fdfacc138775d9-le64.cache-4
7f8b98030000-7f8b9803b000 r--s 00000000 08:06 1573184                    /var/cache/fontconfig/945677eb7aeaf62f1d50efc3fb3ec7d8-le64.cache-4
7f8b9803b000-7f8b98041000 r--s 00000000 08:06 1573170                    /var/cache/fontconfig/2cd17615ca594fa2959ae173292e504c-le64.cache-4
7f8b98041000-7f8b98042000 r--s 00000000 08:06 1573200                    /var/cache/fontconfig/e7071f4a29fa870f4323321c154eba04-le64.cache-4
7f8b98042000-7f8b98043000 r--s 00000000 08:06 1573167                    /var/cache/fontconfig/0d8c3b2ac0904cb8a57a757ad11a4a08-le64.cache-4
7f8b98043000-7f8b9804a000 r--s 00000000 08:06 1573187                    /var/cache/fontconfig/a755afe4a08bf5b97852ceb7400b47bc-le64.cache-4
7f8b9804a000-7f8b9805e000 r--s 00000000 08:06 1573165                    /var/cache/fontconfig/04aabc0a78ac019cf9454389977116d2-le64.cache-4
7f8b9805e000-7f8b9805f000 r--s 00000000 08:06 1573169                    /var/cache/fontconfig/1ac9eb803944fde146138c791f5cc56a-le64.cache-4
7f8b9805f000-7f8b98063000 r--s 00000000 08:06 1573173                    /var/cache/fontconfig/385c0604a188198f04d133e54aba7fe7-le64.cache-4
7f8b98063000-7f8b9809e000 r--s 00000000 08:06 1586698                    /var/cache/fontconfig/365b55f210c0a22e9a19e35191240f32-le64.cache-4
7f8b9809e000-7f8b980a5000 r--s 00000000 08:06 1573171                    /var/cache/fontconfig/3047814df9a2f067bd2d96a2b9c36e5a-le64.cache-4
7f8b980a5000-7f8b980b8000 r--s 00000000 08:06 1573194                    /var/cache/fontconfig/d52a8644073d54c13679302ca1180695-le64.cache-4
7f8b980b8000-7f8b980c1000 r--s 00000000 08:06 1573174                    /var/cache/fontconfig/3f7329c5293ffd510edef78f73874cfd-le64.cache-4
7f8b980c1000-7f8b980cc000 r--s 00000000 08:06 1573504                    /var/cache/fontconfig/d589a48862398ed80a3d6066f4f56f4c-le64.cache-4
7f8b980cc000-7f8b980e4000 r--s 00000000 08:06 1579254                    /var/cache/fontconfig/e13b20fdb08344e0e664864cc2ede53d-le64.cache-4
7f8b980e4000-7f8b98102000 r--s 00000000 08:06 1585640                    /var/cache/fontconfig/467c019e582ee353435ea5c21d137ef6-le64.cache-4
7f8b98102000-7f8b98118000 r--s 00000000 08:06 265830                     /usr/share/fonts/type1/gsfonts/n022023l.pfb
7f8b98118000-7f8b98131000 r--s 00000000 08:06 265815                     /usr/share/fonts/type1/gsfonts/n021004l.pfb
7f8b98131000-7f8b98145000 r--s 00000000 08:06 265788                     /usr/share/fonts/type1/gsfonts/n019003l.pfb
7f8b98145000-7f8b9815e000 r--s 00000000 08:06 265812                     /usr/share/fonts/type1/gsfonts/n021003l.pfb
7f8b9815e000-7f8b9816f000 r--s 00000000 08:06 265794                     /usr/share/fonts/type1/gsfonts/n019023l.pfb
7f8b9816f000-7f8b98185000 r--s 00000000 08:06 265833                     /usr/share/fonts/type1/gsfonts/n022024l.pfb
7f8b98185000-7f8b98188000 ---p 00000000 00:00 0 
7f8b98188000-7f8b98286000 rw-p 00000000 00:00 0                          [stack:22966]
7f8b98286000-7f8b98289000 ---p 00000000 00:00 0 
7f8b98289000-7f8b98387000 rw-p 00000000 00:00 0                          [stack:22962]
7f8b98387000-7f8b9838a000 ---p 00000000 00:00 0 
7f8b9838a000-7f8b98488000 rw-p 00000000 00:00 0                          [stack:22960]
7f8b98488000-7f8b9848d000 r-xp 00000000 08:06 2490848                    /usr/lib/x86_64-linux-gnu/libXfixes.so.3.1.0
7f8b9848d000-7f8b9868c000 ---p 00005000 08:06 2490848                    /usr/lib/x86_64-linux-gnu/libXfixes.so.3.1.0
7f8b9868c000-7f8b9868d000 r--p 00004000 08:06 2490848                    /usr/lib/x86_64-linux-gnu/libXfixes.so.3.1.0
7f8b9868d000-7f8b9868e000 rw-p 00005000 08:06 2490848                    /usr/lib/x86_64-linux-gnu/libXfixes.so.3.1.0
7f8b9868e000-7f8b98697000 r-xp 00000000 08:06 2499864                    /usr/lib/x86_64-linux-gnu/libXcursor.so.1.0.2
7f8b98697000-7f8b98896000 ---p 00009000 08:06 2499864                    /usr/lib/x86_64-linux-gnu/libXcursor.so.1.0.2
7f8b98896000-7f8b98897000 r--p 00008000 08:06 2499864                    /usr/lib/x86_64-linux-gnu/libXcursor.so.1.0.2
7f8b98897000-7f8b98898000 rw-p 00009000 08:06 2499864                    /usr/lib/x86_64-linux-gnu/libXcursor.so.1.0.2
7f8b98898000-7f8b9889b000 ---p 00000000 00:00 0 
7f8b9889b000-7f8b98999000 rw-p 00000000 00:00 0                          [stack:22957]
7f8b98999000-7f8b989af000 r-xp 00000000 08:06 397411                     /lib/x86_64-linux-gnu/libgcc_s.so.1
7f8b989af000-7f8b98bae000 ---p 00016000 08:06 397411                     /lib/x86_64-linux-gnu/libgcc_s.so.1
7f8b98bae000-7f8b98baf000 rw-p 00015000 08:06 397411                     /lib/x86_64-linux-gnu/libgcc_s.so.1
7f8b98baf000-7f8b98c14000 r-xp 00000000 08:06 2636328                    /usr/lib/jvm/java-8-oracle/jre/lib/amd64/libfontmanager.so
7f8b98c14000-7f8b98e13000 ---p 00065000 08:06 2636328                    /usr/lib/jvm/java-8-oracle/jre/lib/amd64/libfontmanager.so
7f8b98e13000-7f8b98e18000 rw-p 00064000 08:06 2636328                    /usr/lib/jvm/java-8-oracle/jre/lib/amd64/libfontmanager.so
7f8b98e18000-7f8b98e28000 rw-p 00000000 00:00 0 
7f8b98e28000-7f8b98e2d000 r-xp 00000000 08:06 2499868                    /usr/lib/x86_64-linux-gnu/libXdmcp.so.6.0.0
7f8b98e2d000-7f8b9902c000 ---p 00005000 08:06 2499868                    /usr/lib/x86_64-linux-gnu/libXdmcp.so.6.0.0
7f8b9902c000-7f8b9902d000 r--p 00004000 08:06 2499868                    /usr/lib/x86_64-linux-gnu/libXdmcp.so.6.0.0
7f8b9902d000-7f8b9902e000 rw-p 00005000 08:06 2499868                    /usr/lib/x86_64-linux-gnu/libXdmcp.so.6.0.0
7f8b9902e000-7f8b99030000 r-xp 00000000 08:06 2499857                    /usr/lib/x86_64-linux-gnu/libXau.so.6.0.0
7f8b99030000-7f8b99230000 ---p 00002000 08:06 2499857                    /usr/lib/x86_64-linux-gnu/libXau.so.6.0.0
7f8b99230000-7f8b99231000 r--p 00002000 08:06 2499857                    /usr/lib/x86_64-linux-gnu/libXau.so.6.0.0
7f8b99231000-7f8b99232000 rw-p 00003000 08:06 2499857                    /usr/lib/x86_64-linux-gnu/libXau.so.6.0.0
7f8b99232000-7f8b9924f000 r-xp 00000000 08:06 2500925                    /usr/lib/x86_64-linux-gnu/libxcb.so.1.1.0
7f8b9924f000-7f8b9944f000 ---p 0001d000 08:06 2500925                    /usr/lib/x86_64-linux-gnu/libxcb.so.1.1.0
7f8b9944f000-7f8b99450000 r--p 0001d000 08:06 2500925                    /usr/lib/x86_64-linux-gnu/libxcb.so.1.1.0
7f8b99450000-7f8b99451000 rw-p 0001e000 08:06 2500925                    /usr/lib/x86_64-linux-gnu/libxcb.so.1.1.0
7f8b99451000-7f8b99460000 r-xp 00000000 08:06 2492567                    /usr/lib/x86_64-linux-gnu/libXi.so.6.1.0
7f8b99460000-7f8b9965f000 ---p 0000f000 08:06 2492567                    /usr/lib/x86_64-linux-gnu/libXi.so.6.1.0
7f8b9965f000-7f8b99660000 r--p 0000e000 08:06 2492567                    /usr/lib/x86_64-linux-gnu/libXi.so.6.1.0
7f8b99660000-7f8b99661000 rw-p 0000f000 08:06 2492567                    /usr/lib/x86_64-linux-gnu/libXi.so.6.1.0
7f8b99661000-7f8b99666000 r-xp 00000000 08:06 2499898                    /usr/lib/x86_64-linux-gnu/libXtst.so.6.1.0
7f8b99666000-7f8b99865000 ---p 00005000 08:06 2499898                    /usr/lib/x86_64-linux-gnu/libXtst.so.6.1.0
7f8b99865000-7f8b99866000 r--p 00004000 08:06 2499898                    /usr/lib/x86_64-linux-gnu/libXtst.so.6.1.0
7f8b99866000-7f8b99867000 rw-p 00005000 08:06 2499898                    /usr/lib/x86_64-linux-gnu/libXtst.so.6.1.0
7f8b99867000-7f8b99870000 r-xp 00000000 08:06 2492571                    /usr/lib/x86_64-linux-gnu/libXrender.so.1.3.0
7f8b99870000-7f8b99a6f000 ---p 00009000 08:06 2492571                    /usr/lib/x86_64-linux-gnu/libXrender.so.1.3.0
7f8b99a6f000-7f8b99a70000 r--p 00008000 08:06 2492571                    /usr/lib/x86_64-linux-gnu/libXrender.so.1.3.0
7f8b99a70000-7f8b99a71000 rw-p 00009000 08:06 2492571                    /usr/lib/x86_64-linux-gnu/libXrender.so.1.3.0
7f8b99a71000-7f8b99ba1000 r-xp 00000000 08:06 2499853                    /usr/lib/x86_64-linux-gnu/libX11.so.6.3.0
7f8b99ba1000-7f8b99da1000 ---p 00130000 08:06 2499853                    /usr/lib/x86_64-linux-gnu/libX11.so.6.3.0
7f8b99da1000-7f8b99da2000 r--p 00130000 08:06 2499853                    /usr/lib/x86_64-linux-gnu/libX11.so.6.3.0
7f8b99da2000-7f8b99da6000 rw-p 00131000 08:06 2499853                    /usr/lib/x86_64-linux-gnu/libX11.so.6.3.0
7f8b99da6000-7f8b99db7000 r-xp 00000000 08:06 2491576                    /usr/lib/x86_64-linux-gnu/libXext.so.6.4.0
7f8b99db7000-7f8b99fb6000 ---p 00011000 08:06 2491576                    /usr/lib/x86_64-linux-gnu/libXext.so.6.4.0
7f8b99fb6000-7f8b99fb7000 r--p 00010000 08:06 2491576                    /usr/lib/x86_64-linux-gnu/libXext.so.6.4.0
7f8b99fb7000-7f8b99fb8000 rw-p 00011000 08:06 2491576                    /usr/lib/x86_64-linux-gnu/libXext.so.6.4.0
7f8b99fb8000-7f8b9a00c000 r-xp 00000000 08:06 2636308                    /usr/lib/jvm/java-8-oracle/jre/lib/amd64/libawt_xawt.so
7f8b9a00c000-7f8b9a20c000 ---p 00054000 08:06 2636308                    /usr/lib/jvm/java-8-oracle/jre/lib/amd64/libawt_xawt.so
7f8b9a20c000-7f8b9a210000 rw-p 00054000 08:06 2636308                    /usr/lib/jvm/java-8-oracle/jre/lib/amd64/libawt_xawt.so
7f8b9a210000-7f8b9a211000 rw-p 00000000 00:00 0 
7f8b9a211000-7f8b9a2b3000 r-xp 00000000 08:06 2636322                    /usr/lib/jvm/java-8-oracle/jre/lib/amd64/libawt.so
7f8b9a2b3000-7f8b9a4b3000 ---p 000a2000 08:06 2636322                    /usr/lib/jvm/java-8-oracle/jre/lib/amd64/libawt.so
7f8b9a4b3000-7f8b9a4bf000 rw-p 000a2000 08:06 2636322                    /usr/lib/jvm/java-8-oracle/jre/lib/amd64/libawt.so
7f8b9a4bf000-7f8b9a4e3000 rw-p 00000000 00:00 0 
7f8b9a4e3000-7f8b9a4e4000 ---p 00000000 00:00 0 
7f8b9a4e4000-7f8b9a5e4000 rw-p 00000000 00:00 0                          [stack:22951]
7f8b9a5e4000-7f8b9a5e7000 ---p 00000000 00:00 0 
7f8b9a5e7000-7f8b9a6e5000 rw-p 00000000 00:00 0                          [stack:22950]
7f8b9a6e5000-7f8b9a6e8000 ---p 00000000 00:00 0 
7f8b9a6e8000-7f8b9a7e6000 rw-p 00000000 00:00 0                          [stack:22948]
7f8b9a7e6000-7f8b9a7e9000 ---p 00000000 00:00 0 
7f8b9a7e9000-7f8b9a8e7000 rw-p 00000000 00:00 0                          [stack:22940]
7f8b9a8e7000-7f8b9a8ea000 ---p 00000000 00:00 0 
7f8b9a8ea000-7f8b9a9e8000 rw-p 00000000 00:00 0                          [stack:22936]
7f8b9a9e8000-7f8b9a9eb000 ---p 00000000 00:00 0 
7f8b9a9eb000-7f8b9aae9000 rw-p 00000000 00:00 0 
7f8b9aae9000-7f8b9aaec000 ---p 00000000 00:00 0 
7f8b9aaec000-7f8b9abea000 rw-p 00000000 00:00 0                          [stack:22923]
7f8b9abea000-7f8b9abed000 ---p 00000000 00:00 0 
7f8b9abed000-7f8b9aceb000 rw-p 00000000 00:00 0                          [stack:22918]
7f8b9aceb000-7f8b9acef000 r-xp 00000000 08:06 2636340                    /usr/lib/jvm/java-8-oracle/jre/lib/amd64/libdt_socket.so
7f8b9acef000-7f8b9aeee000 ---p 00004000 08:06 2636340                    /usr/lib/jvm/java-8-oracle/jre/lib/amd64/libdt_socket.so
7f8b9aeee000-7f8b9aeef000 rw-p 00003000 08:06 2636340                    /usr/lib/jvm/java-8-oracle/jre/lib/amd64/libdt_socket.so
7f8b9aeef000-7f8b9aef2000 ---p 00000000 00:00 0 
7f8b9aef2000-7f8b9aff0000 rw-p 00000000 00:00 0                          [stack:22902]
7f8b9aff0000-7f8b9aff3000 ---p 00000000 00:00 0 
7f8b9aff3000-7f8b9b0f1000 rw-p 00000000 00:00 0                          [stack:22869]
7f8b9b0f1000-7f8b9b0f4000 ---p 00000000 00:00 0 
7f8b9b0f4000-7f8b9b1f2000 rw-p 00000000 00:00 0                          [stack:22866]
7f8b9b1f2000-7f8b9b1f3000 ---p 00000000 00:00 0 
7f8b9b1f3000-7f8b9c000000 rw-p 00000000 00:00 0                          [stack:22861]
7f8b9c000000-7f8b9c021000 rw-p 00000000 00:00 0 
7f8b9c021000-7f8ba0000000 ---p 00000000 00:00 0 
7f8ba0000000-7f8ba0021000 rw-p 00000000 00:00 0 
7f8ba0021000-7f8ba4000000 ---p 00000000 00:00 0 
7f8ba4000000-7f8ba4021000 rw-p 00000000 00:00 0 
7f8ba4021000-7f8ba8000000 ---p 00000000 00:00 0 
7f8ba8000000-7f8ba8002000 r--s 00000000 08:06 1573181                    /var/cache/fontconfig/767a8244fc0220cfb567a839d0392e0b-le64.cache-4
7f8ba8002000-7f8ba8014000 r--s 00000000 08:06 265791                     /usr/share/fonts/type1/gsfonts/n019004l.pfb
7f8ba8014000-7f8ba801e000 r--s 00000000 08:06 265854                     /usr/share/fonts/type1/mathml/Symbol.pfb
7f8ba801e000-7f8ba8036000 r--s 00000000 08:06 265824                     /usr/share/fonts/type1/gsfonts/n022003l.pfb
7f8ba8036000-7f8ba804c000 r--s 00000000 08:06 265821                     /usr/share/fonts/type1/gsfonts/n021024l.pfb
7f8ba804c000-7f8ba8063000 r--s 00000000 08:06 265818                     /usr/share/fonts/type1/gsfonts/n021023l.pfb
7f8ba8063000-7f8ba8074000 r--s 00000000 08:06 265797                     /usr/share/fonts/type1/gsfonts/n019024l.pfb
7f8ba8074000-7f8ba808d000 r--s 00000000 08:06 265827                     /usr/share/fonts/type1/gsfonts/n022004l.pfb
7f8ba808d000-7f8ba82f2000 rw-p 00000000 00:00 0 
7f8ba82f2000-7f8ba84cb000 r--s 03d09000 08:06 2636380                    /usr/lib/jvm/java-8-oracle/jre/lib/rt.jar
7f8ba84cb000-7f8baceff000 rw-p 00000000 00:00 0 
7f8baceff000-7f8bacf00000 ---p 00000000 00:00 0 
7f8bacf00000-7f8bad000000 rw-p 00000000 00:00 0                          [stack:22850]
7f8bad000000-7f8bad350000 rwxp 00000000 00:00 0 
7f8bad350000-7f8bbc000000 ---p 00000000 00:00 0 
7f8bbc000000-7f8bbc21b000 rw-p 00000000 00:00 0 
7f8bbc21b000-7f8bc0000000 ---p 00000000 00:00 0 
7f8bc0000000-7f8bc0005000 r--s 00000000 08:06 1573183                    /var/cache/fontconfig/8801497958630a81b71ace7c5f9b32a8-le64.cache-4
7f8bc0005000-7f8bc0075000 rw-p 00000000 00:00 0 
7f8bc0075000-7f8bc0076000 ---p 00000000 00:00 0 
7f8bc0076000-7f8bc0176000 rw-p 00000000 00:00 0                          [stack:22849]
7f8bc0176000-7f8bc0177000 ---p 00000000 00:00 0 
7f8bc0177000-7f8bc0277000 rw-p 00000000 00:00 0                          [stack:22846]
7f8bc0277000-7f8bc0278000 ---p 00000000 00:00 0 
7f8bc0278000-7f8bc03a2000 rw-p 00000000 00:00 0                          [stack:22842]
7f8bc03a2000-7f8bc060c000 ---p 00000000 00:00 0 
7f8bc060c000-7f8bc0636000 rw-p 00000000 00:00 0 
7f8bc0636000-7f8bc08a0000 ---p 00000000 00:00 0 
7f8bc08a0000-7f8bc08b5000 rw-p 00000000 00:00 0 
7f8bc08b5000-7f8bc09ea000 ---p 00000000 00:00 0 
7f8bc09ea000-7f8bc09f9000 rw-p 00000000 00:00 0 
7f8bc09f9000-7f8bc0dab000 ---p 00000000 00:00 0 
7f8bc0dab000-7f8bc0dc5000 r-xp 00000000 08:06 2636310                    /usr/lib/jvm/java-8-oracle/jre/lib/amd64/libzip.so
7f8bc0dc5000-7f8bc0fc5000 ---p 0001a000 08:06 2636310                    /usr/lib/jvm/java-8-oracle/jre/lib/amd64/libzip.so
7f8bc0fc5000-7f8bc0fc6000 rw-p 0001a000 08:06 2636310                    /usr/lib/jvm/java-8-oracle/jre/lib/amd64/libzip.so
7f8bc0fc6000-7f8bc0fd1000 r-xp 00000000 08:06 412685                     /lib/x86_64-linux-gnu/libnss_files-2.19.so
7f8bc0fd1000-7f8bc11d0000 ---p 0000b000 08:06 412685                     /lib/x86_64-linux-gnu/libnss_files-2.19.so
7f8bc11d0000-7f8bc11d1000 r--p 0000a000 08:06 412685                     /lib/x86_64-linux-gnu/libnss_files-2.19.so
7f8bc11d1000-7f8bc11d2000 rw-p 0000b000 08:06 412685                     /lib/x86_64-linux-gnu/libnss_files-2.19.so
7f8bc11d2000-7f8bc11dd000 r-xp 00000000 08:06 412705                     /lib/x86_64-linux-gnu/libnss_nis-2.19.so
7f8bc11dd000-7f8bc13dc000 ---p 0000b000 08:06 412705                     /lib/x86_64-linux-gnu/libnss_nis-2.19.so
7f8bc13dc000-7f8bc13dd000 r--p 0000a000 08:06 412705                     /lib/x86_64-linux-gnu/libnss_nis-2.19.so
7f8bc13dd000-7f8bc13de000 rw-p 0000b000 08:06 412705                     /lib/x86_64-linux-gnu/libnss_nis-2.19.so
7f8bc13de000-7f8bc13f5000 r-xp 00000000 08:06 412694                     /lib/x86_64-linux-gnu/libnsl-2.19.so
7f8bc13f5000-7f8bc15f4000 ---p 00017000 08:06 412694                     /lib/x86_64-linux-gnu/libnsl-2.19.so
7f8bc15f4000-7f8bc15f5000 r--p 00016000 08:06 412694                     /lib/x86_64-linux-gnu/libnsl-2.19.so
7f8bc15f5000-7f8bc15f6000 rw-p 00017000 08:06 412694                     /lib/x86_64-linux-gnu/libnsl-2.19.so
7f8bc15f6000-7f8bc15f8000 rw-p 00000000 00:00 0 
7f8bc15f8000-7f8bc1601000 r-xp 00000000 08:06 412693                     /lib/x86_64-linux-gnu/libnss_compat-2.19.so
7f8bc1601000-7f8bc1800000 ---p 00009000 08:06 412693                     /lib/x86_64-linux-gnu/libnss_compat-2.19.so
7f8bc1800000-7f8bc1801000 r--p 00008000 08:06 412693                     /lib/x86_64-linux-gnu/libnss_compat-2.19.so
7f8bc1801000-7f8bc1802000 rw-p 00009000 08:06 412693                     /lib/x86_64-linux-gnu/libnss_compat-2.19.so
7f8bc1802000-7f8bc1ee4000 r--p 00000000 08:06 2498535                    /usr/lib/locale/locale-archive
7f8bc1ee4000-7f8bc1ee6000 r-xp 00000000 08:06 2636349                    /usr/lib/jvm/java-8-oracle/jre/lib/amd64/libnpt.so
7f8bc1ee6000-7f8bc20e6000 ---p 00002000 08:06 2636349                    /usr/lib/jvm/java-8-oracle/jre/lib/amd64/libnpt.so
7f8bc20e6000-7f8bc20e7000 rw-p 00002000 08:06 2636349                    /usr/lib/jvm/java-8-oracle/jre/lib/amd64/libnpt.so
7f8bc20e7000-7f8bc2120000 r-xp 00000000 08:06 2636315                    /usr/lib/jvm/java-8-oracle/jre/lib/amd64/libjdwp.so
7f8bc2120000-7f8bc231f000 ---p 00039000 08:06 2636315                    /usr/lib/jvm/java-8-oracle/jre/lib/amd64/libjdwp.so
7f8bc231f000-7f8bc2321000 rw-p 00038000 08:06 2636315                    /usr/lib/jvm/java-8-oracle/jre/lib/amd64/libjdwp.so
7f8bc2321000-7f8bc234b000 r-xp 00000000 08:06 2636348                    /usr/lib/jvm/java-8-oracle/jre/lib/amd64/libjava.so
7f8bc234b000-7f8bc254b000 ---p 0002a000 08:06 2636348                    /usr/lib/jvm/java-8-oracle/jre/lib/amd64/libjava.so
7f8bc254b000-7f8bc254d000 rw-p 0002a000 08:06 2636348                    /usr/lib/jvm/java-8-oracle/jre/lib/amd64/libjava.so
7f8bc254d000-7f8bc255a000 r-xp 00000000 08:06 2636323                    /usr/lib/jvm/java-8-oracle/jre/lib/amd64/libverify.so
7f8bc255a000-7f8bc275a000 ---p 0000d000 08:06 2636323                    /usr/lib/jvm/java-8-oracle/jre/lib/amd64/libverify.so
7f8bc275a000-7f8bc275c000 rw-p 0000d000 08:06 2636323                    /usr/lib/jvm/java-8-oracle/jre/lib/amd64/libverify.so
7f8bc275c000-7f8bc2763000 r-xp 00000000 08:06 412702                     /lib/x86_64-linux-gnu/librt-2.19.so
7f8bc2763000-7f8bc2962000 ---p 00007000 08:06 412702                     /lib/x86_64-linux-gnu/librt-2.19.so
7f8bc2962000-7f8bc2963000 r--p 00006000 08:06 412702                     /lib/x86_64-linux-gnu/librt-2.19.so
7f8bc2963000-7f8bc2964000 rw-p 00007000 08:06 412702                     /lib/x86_64-linux-gnu/librt-2.19.so
7f8bc2964000-7f8bc2a69000 r-xp 00000000 08:06 412684                     /lib/x86_64-linux-gnu/libm-2.19.so
7f8bc2a69000-7f8bc2c68000 ---p 00105000 08:06 412684                     /lib/x86_64-linux-gnu/libm-2.19.so
7f8bc2c68000-7f8bc2c69000 r--p 00104000 08:06 412684                     /lib/x86_64-linux-gnu/libm-2.19.so
7f8bc2c69000-7f8bc2c6a000 rw-p 00105000 08:06 412684                     /lib/x86_64-linux-gnu/libm-2.19.so
7f8bc2c6a000-7f8bc3918000 r-xp 00000000 08:06 2763825                    /usr/lib/jvm/java-8-oracle/jre/lib/amd64/server/libjvm.so
7f8bc3918000-7f8bc3b17000 ---p 00cae000 08:06 2763825                    /usr/lib/jvm/java-8-oracle/jre/lib/amd64/server/libjvm.so
7f8bc3b17000-7f8bc3bee000 rw-p 00cad000 08:06 2763825                    /usr/lib/jvm/java-8-oracle/jre/lib/amd64/server/libjvm.so
7f8bc3bee000-7f8bc3c32000 rw-p 00000000 00:00 0 
7f8bc3c32000-7f8bc3ded000 r-xp 00000000 08:06 412699                     /lib/x86_64-linux-gnu/libc-2.19.so
7f8bc3ded000-7f8bc3fec000 ---p 001bb000 08:06 412699                     /lib/x86_64-linux-gnu/libc-2.19.so
7f8bc3fec000-7f8bc3ff0000 r--p 001ba000 08:06 412699                     /lib/x86_64-linux-gnu/libc-2.19.so
7f8bc3ff0000-7f8bc3ff2000 rw-p 001be000 08:06 412699                     /lib/x86_64-linux-gnu/libc-2.19.so
7f8bc3ff2000-7f8bc3ff7000 rw-p 00000000 00:00 0 
7f8bc3ff7000-7f8bc3ffa000 r-xp 00000000 08:06 412688                     /lib/x86_64-linux-gnu/libdl-2.19.so
7f8bc3ffa000-7f8bc41f9000 ---p 00003000 08:06 412688                     /lib/x86_64-linux-gnu/libdl-2.19.so
7f8bc41f9000-7f8bc41fa000 r--p 00002000 08:06 412688                     /lib/x86_64-linux-gnu/libdl-2.19.so
7f8bc41fa000-7f8bc41fb000 rw-p 00003000 08:06 412688                     /lib/x86_64-linux-gnu/libdl-2.19.so
7f8bc41fb000-7f8bc4210000 r-xp 00000000 08:06 2508711                    /usr/lib/jvm/java-8-oracle/lib/amd64/jli/libjli.so
7f8bc4210000-7f8bc4410000 ---p 00015000 08:06 2508711                    /usr/lib/jvm/java-8-oracle/lib/amd64/jli/libjli.so
7f8bc4410000-7f8bc4411000 rw-p 00015000 08:06 2508711                    /usr/lib/jvm/java-8-oracle/lib/amd64/jli/libjli.so
7f8bc4411000-7f8bc442a000 r-xp 00000000 08:06 412700                     /lib/x86_64-linux-gnu/libpthread-2.19.so
7f8bc442a000-7f8bc4629000 ---p 00019000 08:06 412700                     /lib/x86_64-linux-gnu/libpthread-2.19.so
7f8bc4629000-7f8bc462a000 r--p 00018000 08:06 412700                     /lib/x86_64-linux-gnu/libpthread-2.19.so
7f8bc462a000-7f8bc462b000 rw-p 00019000 08:06 412700                     /lib/x86_64-linux-gnu/libpthread-2.19.so
7f8bc462b000-7f8bc462f000 rw-p 00000000 00:00 0 
7f8bc462f000-7f8bc4652000 r-xp 00000000 08:06 412696                     /lib/x86_64-linux-gnu/ld-2.19.so
7f8bc4652000-7f8bc4653000 r--s 00000000 08:06 1573197                    /var/cache/fontconfig/dc05db6664285cc2f12bf69c139ae4c3-le64.cache-4
7f8bc4653000-7f8bc4659000 r--s 00000000 08:06 1573188                    /var/cache/fontconfig/b47c4e1ecd0709278f4910c18777a504-le64.cache-4
7f8bc4659000-7f8bc4664000 r--s 000f3000 08:07 5245733                    /home/kavi/Dropbox/workspaces/Java/41++/syntax_highlighting/build/libs/rsyntaxtextarea-2.5.6.jar
7f8bc4664000-7f8bc472f000 rw-p 00000000 00:00 0 
7f8bc472f000-7f8bc4732000 ---p 00000000 00:00 0 
7f8bc4732000-7f8bc4834000 rw-p 00000000 00:00 0                          [stack:22835]
7f8bc4834000-7f8bc4835000 r--s 00000000 08:06 1580109                    /var/cache/fontconfig/4794a0821666d79190d59a36cb4f44b5-le64.cache-4
7f8bc4835000-7f8bc4836000 r--s 00000000 08:06 1573177                    /var/cache/fontconfig/56cf4f4769d0f4abc89a4895d7bd3ae1-le64.cache-4
7f8bc4836000-7f8bc4837000 r--s 00000000 08:06 1573189                    /var/cache/fontconfig/b9d506c9ac06c20b433354fa67a72993-le64.cache-4
7f8bc4837000-7f8bc4838000 r--s 00000000 08:06 1573166                    /var/cache/fontconfig/0c9eb80ebd1c36541ebe2852d3bb0c49-le64.cache-4
7f8bc4838000-7f8bc483c000 r--s 00000000 08:06 1586697                    /var/cache/fontconfig/7ef2298fde41cc6eeb7af42e48b7d293-le64.cache-4
7f8bc483c000-7f8bc483d000 r--s 00000000 08:06 1586700                    /var/cache/fontconfig/e0aa53bcfa504e64f87823c16bc01eb6-le64.cache-4
7f8bc483d000-7f8bc483f000 r--s 0000c000 08:06 1054930                    /usr/lib/eclipse/eclipse/plugins/org.hamcrest.core_1.3.0.v201303031735.jar
7f8bc483f000-7f8bc4845000 r--s 00036000 08:06 1443880                    /usr/lib/eclipse/eclipse/plugins/org.junit_4.11.0.v201303080030/junit.jar
7f8bc4845000-7f8bc484d000 rw-s 00000000 08:06 1316073                    /tmp/hsperfdata_kavi/22829
7f8bc484d000-7f8bc484e000 rw-p 00000000 00:00 0 
7f8bc484e000-7f8bc484f000 ---p 00000000 00:00 0 
7f8bc484f000-7f8bc4851000 rw-p 00000000 00:00 0 
7f8bc4851000-7f8bc4852000 r--p 00022000 08:06 412696                     /lib/x86_64-linux-gnu/ld-2.19.so
7f8bc4852000-7f8bc4853000 rw-p 00023000 08:06 412696                     /lib/x86_64-linux-gnu/ld-2.19.so
7f8bc4853000-7f8bc4854000 rw-p 00000000 00:00 0 
7fff22fc7000-7fff22fe8000 rw-p 00000000 00:00 0                          [stack]
7fff22ffc000-7fff22ffe000 r-xp 00000000 00:00 0                          [vdso]
7fff22ffe000-7fff23000000 r--p 00000000 00:00 0                          [vvar]
ffffffffff600000-ffffffffff601000 r-xp 00000000 00:00 0                  [vsyscall]

VM Arguments:
jvm_args: -agentlib:jdwp=transport=dt_socket,suspend=y,address=localhost:34220 -Dfile.encoding=UTF-8 
java_command: fortytwo.ide.gui.Editor42
java_class_path (initial): /home/kavi/Dropbox/workspaces/Java/41++/bin:/usr/lib/eclipse/eclipse/plugins/org.junit_4.11.0.v201303080030/junit.jar:/usr/lib/eclipse/eclipse/plugins/org.hamcrest.core_1.3.0.v201303031735.jar:/home/kavi/Dropbox/workspaces/Java/Standard Library/bin:/home/kavi/Dropbox/workspaces/Java/41++/syntax_highlighting/build/libs/rsyntaxtextarea-2.5.6.jar
Launcher Type: SUN_STANDARD

Environment Variables:
PATH=/usr/local/sbin:/usr/local/bin:/usr/sbin:/usr/bin:/sbin:/bin:/usr/games:/usr/local/games
SHELL=/bin/bash
DISPLAY=:0

Signal Handlers:
SIGSEGV: [libjvm.so+0xaad1e0], sa_mask[0]=11111111011111111101111111111110, sa_flags=SA_RESTART|SA_SIGINFO
SIGBUS: [libjvm.so+0xaad1e0], sa_mask[0]=11111111011111111101111111111110, sa_flags=SA_RESTART|SA_SIGINFO
SIGFPE: [libjvm.so+0x90b450], sa_mask[0]=11111111011111111101111111111110, sa_flags=SA_RESTART|SA_SIGINFO
SIGPIPE: [libjvm.so+0x90b450], sa_mask[0]=11111111011111111101111111111110, sa_flags=SA_RESTART|SA_SIGINFO
SIGXFSZ: [libjvm.so+0x90b450], sa_mask[0]=11111111011111111101111111111110, sa_flags=SA_RESTART|SA_SIGINFO
SIGILL: [libjvm.so+0x90b450], sa_mask[0]=11111111011111111101111111111110, sa_flags=SA_RESTART|SA_SIGINFO
SIGUSR1: SIG_DFL, sa_mask[0]=00000000000000000000000000000000, sa_flags=none
SIGUSR2: [libjvm.so+0x90ca90], sa_mask[0]=00100000000000000000000000000000, sa_flags=SA_RESTART|SA_SIGINFO
SIGHUP: [libjvm.so+0x90dde0], sa_mask[0]=11111111011111111101111111111110, sa_flags=SA_RESTART|SA_SIGINFO
SIGINT: [libjvm.so+0x90dde0], sa_mask[0]=11111111011111111101111111111110, sa_flags=SA_RESTART|SA_SIGINFO
SIGTERM: [libjvm.so+0x90dde0], sa_mask[0]=11111111011111111101111111111110, sa_flags=SA_RESTART|SA_SIGINFO
SIGQUIT: [libjvm.so+0x90dde0], sa_mask[0]=11111111011111111101111111111110, sa_flags=SA_RESTART|SA_SIGINFO


---------------  S Y S T E M  ---------------

OS:DISTRIB_ID=Ubuntu
DISTRIB_RELEASE=14.04
DISTRIB_CODENAME=trusty
DISTRIB_DESCRIPTION="Ubuntu 14.04.2 LTS"

uname:Linux 3.16.0-38-generic #52~14.04.1-Ubuntu SMP Fri May 8 09:43:57 UTC 2015 x86_64
libc:glibc 2.19 NPTL 2.19 
rlimit: STACK 8192k, CORE 0k, NPROC 31322, NOFILE 4096, AS infinity
load average:48.61 15.14 5.74

/proc/meminfo:
MemTotal:        8105024 kB
MemFree:         6216916 kB
MemAvailable:    6458400 kB
Buffers:           15512 kB
Cached:           529220 kB
SwapCached:        12272 kB
Active:           967584 kB
Inactive:         574764 kB
Active(anon):     809756 kB
Inactive(anon):   427608 kB
Active(file):     157828 kB
Inactive(file):   147156 kB
Unevictable:          64 kB
Mlocked:              64 kB
SwapTotal:      16184316 kB
SwapFree:       16111172 kB
Dirty:              1864 kB
Writeback:             0 kB
AnonPages:        987780 kB
Mapped:           287800 kB
Shmem:            239420 kB
Slab:             235888 kB
SReclaimable:     189892 kB
SUnreclaim:        45996 kB
KernelStack:        8640 kB
PageTables:        19516 kB
NFS_Unstable:          0 kB
Bounce:                0 kB
WritebackTmp:          0 kB
CommitLimit:    20236828 kB
Committed_AS:    3685704 kB
VmallocTotal:   34359738367 kB
VmallocUsed:      556220 kB
VmallocChunk:   34359083056 kB
HardwareCorrupted:     0 kB
AnonHugePages:    196608 kB
HugePages_Total:       0
HugePages_Free:        0
HugePages_Rsvd:        0
HugePages_Surp:        0
Hugepagesize:       2048 kB
DirectMap4k:       72320 kB
DirectMap2M:     1953792 kB
DirectMap1G:     6291456 kB


CPU:total 4 (2 cores per cpu, 2 threads per core) family 6 model 69 stepping 1, cmov, cx8, fxsr, mmx, sse, sse2, sse3, ssse3, sse4.1, sse4.2, popcnt, avx, avx2, aes, clmul, erms, lzcnt, ht, tsc, tscinvbit, bmi1, bmi2

/proc/cpuinfo:
processor	: 0
vendor_id	: GenuineIntel
cpu family	: 6
model		: 69
model name	: Intel(R) Core(TM) i5-4210U CPU @ 1.70GHz
stepping	: 1
microcode	: 0x17
cpu MHz		: 2588.812
cache size	: 3072 KB
physical id	: 0
siblings	: 4
core id		: 0
cpu cores	: 2
apicid		: 0
initial apicid	: 0
fpu		: yes
fpu_exception	: yes
cpuid level	: 13
wp		: yes
flags		: fpu vme de pse tsc msr pae mce cx8 apic sep mtrr pge mca cmov pat pse36 clflush dts acpi mmx fxsr sse sse2 ss ht tm pbe syscall nx pdpe1gb rdtscp lm constant_tsc arch_perfmon pebs bts rep_good nopl xtopology nonstop_tsc aperfmperf eagerfpu pni pclmulqdq dtes64 monitor ds_cpl vmx est tm2 ssse3 fma cx16 xtpr pdcm pcid sse4_1 sse4_2 movbe popcnt tsc_deadline_timer aes xsave avx f16c rdrand lahf_lm abm ida arat epb xsaveopt pln pts dtherm tpr_shadow vnmi flexpriority ept vpid fsgsbase tsc_adjust bmi1 avx2 smep bmi2 erms invpcid
bogomips	: 4788.80
clflush size	: 64
cache_alignment	: 64
address sizes	: 39 bits physical, 48 bits virtual
power management:

processor	: 1
vendor_id	: GenuineIntel
cpu family	: 6
model		: 69
model name	: Intel(R) Core(TM) i5-4210U CPU @ 1.70GHz
stepping	: 1
microcode	: 0x17
cpu MHz		: 2471.156
cache size	: 3072 KB
physical id	: 0
siblings	: 4
core id		: 0
cpu cores	: 2
apicid		: 1
initial apicid	: 1
fpu		: yes
fpu_exception	: yes
cpuid level	: 13
wp		: yes
flags		: fpu vme de pse tsc msr pae mce cx8 apic sep mtrr pge mca cmov pat pse36 clflush dts acpi mmx fxsr sse sse2 ss ht tm pbe syscall nx pdpe1gb rdtscp lm constant_tsc arch_perfmon pebs bts rep_good nopl xtopology nonstop_tsc aperfmperf eagerfpu pni pclmulqdq dtes64 monitor ds_cpl vmx est tm2 ssse3 fma cx16 xtpr pdcm pcid sse4_1 sse4_2 movbe popcnt tsc_deadline_timer aes xsave avx f16c rdrand lahf_lm abm ida arat epb xsaveopt pln pts dtherm tpr_shadow vnmi flexpriority ept vpid fsgsbase tsc_adjust bmi1 avx2 smep bmi2 erms invpcid
bogomips	: 4788.80
clflush size	: 64
cache_alignment	: 64
address sizes	: 39 bits physical, 48 bits virtual
power management:

processor	: 2
vendor_id	: GenuineIntel
cpu family	: 6
model		: 69
model name	: Intel(R) Core(TM) i5-4210U CPU @ 1.70GHz
stepping	: 1
microcode	: 0x17
cpu MHz		: 2400.000
cache size	: 3072 KB
physical id	: 0
siblings	: 4
core id		: 1
cpu cores	: 2
apicid		: 2
initial apicid	: 2
fpu		: yes
fpu_exception	: yes
cpuid level	: 13
wp		: yes
flags		: fpu vme de pse tsc msr pae mce cx8 apic sep mtrr pge mca cmov pat pse36 clflush dts acpi mmx fxsr sse sse2 ss ht tm pbe syscall nx pdpe1gb rdtscp lm constant_tsc arch_perfmon pebs bts rep_good nopl xtopology nonstop_tsc aperfmperf eagerfpu pni pclmulqdq dtes64 monitor ds_cpl vmx est tm2 ssse3 fma cx16 xtpr pdcm pcid sse4_1 sse4_2 movbe popcnt tsc_deadline_timer aes xsave avx f16c rdrand lahf_lm abm ida arat epb xsaveopt pln pts dtherm tpr_shadow vnmi flexpriority ept vpid fsgsbase tsc_adjust bmi1 avx2 smep bmi2 erms invpcid
bogomips	: 4788.80
clflush size	: 64
cache_alignment	: 64
address sizes	: 39 bits physical, 48 bits virtual
power management:

processor	: 3
vendor_id	: GenuineIntel
cpu family	: 6
model		: 69
model name	: Intel(R) Core(TM) i5-4210U CPU @ 1.70GHz
stepping	: 1
microcode	: 0x17
cpu MHz		: 2400.000
cache size	: 3072 KB
physical id	: 0
siblings	: 4
core id		: 1
cpu cores	: 2
apicid		: 3
initial apicid	: 3
fpu		: yes
fpu_exception	: yes
cpuid level	: 13
wp		: yes
flags		: fpu vme de pse tsc msr pae mce cx8 apic sep mtrr pge mca cmov pat pse36 clflush dts acpi mmx fxsr sse sse2 ss ht tm pbe syscall nx pdpe1gb rdtscp lm constant_tsc arch_perfmon pebs bts rep_good nopl xtopology nonstop_tsc aperfmperf eagerfpu pni pclmulqdq dtes64 monitor ds_cpl vmx est tm2 ssse3 fma cx16 xtpr pdcm pcid sse4_1 sse4_2 movbe popcnt tsc_deadline_timer aes xsave avx f16c rdrand lahf_lm abm ida arat epb xsaveopt pln pts dtherm tpr_shadow vnmi flexpriority ept vpid fsgsbase tsc_adjust bmi1 avx2 smep bmi2 erms invpcid
bogomips	: 4788.80
clflush size	: 64
cache_alignment	: 64
address sizes	: 39 bits physical, 48 bits virtual
power management:



Memory: 4k page, physical 8105024k(6216916k free), swap 16184316k(16111172k free)

vm_info: Java HotSpot(TM) 64-Bit Server VM (25.45-b02) for linux-amd64 JRE (1.8.0_45-b14), built on Apr 10 2015 10:07:45 by "java_re" with gcc 4.3.0 20080428 (Red Hat 4.3.0-8)

time: Tue Jun  9 10:10:35 2015
elapsed time: 82 seconds (0d 0h 1m 22s)

